[0.025s] Invoking command in '/home/fadi/arm_ws/build/moveit_resources_arm_description': CMAKE_PREFIX_PATH=${CMAKE_PREFIX_PATH}:/home/fadi/ws_moveit2/install/moveit_configs_utils:/home/fadi/ws_moveit2/install/launch_param_builder:/opt/ros/humble /usr/bin/cmake --build /home/fadi/arm_ws/build/moveit_resources_arm_description -- -j2 -l2
[0.107s] Invoked command in '/home/fadi/arm_ws/build/moveit_resources_arm_description' returned '0': CMAKE_PREFIX_PATH=${CMAKE_PREFIX_PATH}:/home/fadi/ws_moveit2/install/moveit_configs_utils:/home/fadi/ws_moveit2/install/launch_param_builder:/opt/ros/humble /usr/bin/cmake --build /home/fadi/arm_ws/build/moveit_resources_arm_description -- -j2 -l2
[0.183s] Invoking command in '/home/fadi/arm_ws/build/moveit_resources_arm_description': CMAKE_PREFIX_PATH=${CMAKE_PREFIX_PATH}:/home/fadi/ws_moveit2/install/moveit_configs_utils:/home/fadi/ws_moveit2/install/launch_param_builder:/opt/ros/humble /usr/bin/cmake --install /home/fadi/arm_ws/build/moveit_resources_arm_description
[0.196s] -- Install configuration: ""
[0.196s] -- Up-to-date: /home/fadi/arm_ws/install/moveit_resources_arm_description/share/ament_index/resource_index/package_run_dependencies/moveit_resources_arm_description
[0.196s] -- Up-to-date: /home/fadi/arm_ws/install/moveit_resources_arm_description/share/ament_index/resource_index/parent_prefix_path/moveit_resources_arm_description
[0.196s] -- Up-to-date: /home/fadi/arm_ws/install/moveit_resources_arm_description/share/moveit_resources_arm_description/environment/ament_prefix_path.sh
[0.197s] -- Up-to-date: /home/fadi/arm_ws/install/moveit_resources_arm_description/share/moveit_resources_arm_description/environment/ament_prefix_path.dsv
[0.197s] -- Up-to-date: /home/fadi/arm_ws/install/moveit_resources_arm_description/share/moveit_resources_arm_description/environment/path.sh
[0.197s] -- Up-to-date: /home/fadi/arm_ws/install/moveit_resources_arm_description/share/moveit_resources_arm_description/environment/path.dsv
[0.197s] -- Up-to-date: /home/fadi/arm_ws/install/moveit_resources_arm_description/share/moveit_resources_arm_description/local_setup.bash
[0.197s] -- Up-to-date: /home/fadi/arm_ws/install/moveit_resources_arm_description/share/moveit_resources_arm_description/local_setup.sh
[0.197s] -- Up-to-date: /home/fadi/arm_ws/install/moveit_resources_arm_description/share/moveit_resources_arm_description/local_setup.zsh
[0.198s] -- Up-to-date: /home/fadi/arm_ws/install/moveit_resources_arm_description/share/moveit_resources_arm_description/local_setup.dsv
[0.198s] -- Up-to-date: /home/fadi/arm_ws/install/moveit_resources_arm_description/share/moveit_resources_arm_description/package.dsv
[0.198s] -- Up-to-date: /home/fadi/arm_ws/install/moveit_resources_arm_description/share/ament_index/resource_index/packages/moveit_resources_arm_description
[0.198s] -- Up-to-date: /home/fadi/arm_ws/install/moveit_resources_arm_description/share/moveit_resources_arm_description/cmake/moveit_resources_arm_descriptionConfig.cmake
[0.199s] -- Up-to-date: /home/fadi/arm_ws/install/moveit_resources_arm_description/share/moveit_resources_arm_description/cmake/moveit_resources_arm_descriptionConfig-version.cmake
[0.199s] -- Up-to-date: /home/fadi/arm_ws/install/moveit_resources_arm_description/share/moveit_resources_arm_description/package.xml
[0.199s] -- Up-to-date: /home/fadi/arm_ws/install/moveit_resources_arm_description/share/moveit_resources_arm_description/urdf
[0.199s] -- Up-to-date: /home/fadi/arm_ws/install/moveit_resources_arm_description/share/moveit_resources_arm_description/urdf/arm.urdf
[0.202s] Invoked command in '/home/fadi/arm_ws/build/moveit_resources_arm_description' returned '0': CMAKE_PREFIX_PATH=${CMAKE_PREFIX_PATH}:/home/fadi/ws_moveit2/install/moveit_configs_utils:/home/fadi/ws_moveit2/install/launch_param_builder:/opt/ros/humble /usr/bin/cmake --install /home/fadi/arm_ws/build/moveit_resources_arm_description
