[0.353s] DEBUG:colcon:Command line arguments: ['/usr/bin/colcon', 'build']
[0.353s] DEBUG:colcon:Parsed command line arguments: Namespace(log_base=None, log_level=None, verb_name='build', build_base='build', install_base='install', merge_install=False, symlink_install=False, test_result_base=None, continue_on_error=False, executor='parallel', parallel_workers=2, event_handlers=None, ignore_user_meta=False, metas=['./colcon.meta'], base_paths=['.'], packages_ignore=None, packages_ignore_regex=None, paths=None, packages_up_to=None, packages_up_to_regex=None, packages_above=None, packages_above_and_dependencies=None, packages_above_depth=None, packages_select_by_dep=None, packages_skip_by_dep=None, packages_skip_up_to=None, packages_select_build_failed=False, packages_skip_build_finished=False, packages_select_test_failures=False, packages_skip_test_passed=False, packages_select=None, packages_skip=None, packages_select_regex=None, packages_skip_regex=None, packages_start=None, packages_end=None, allow_overriding=[], cmake_args=None, cmake_target=None, cmake_target_skip_unavailable=False, cmake_clean_cache=False, cmake_clean_first=False, cmake_force_configure=False, ament_cmake_args=None, catkin_cmake_args=None, catkin_skip_building_tests=False, mixin_files=None, mixin=None, verb_parser=<colcon_mixin.mixin.mixin_argument.MixinArgumentDecorator object at 0x7f069c796da0>, verb_extension=<colcon_core.verb.build.BuildVerb object at 0x7f069cf84460>, main=<bound method BuildVerb.main of <colcon_core.verb.build.BuildVerb object at 0x7f069cf84460>>, mixin_verb=('build',))
[0.377s] Level 1:colcon.colcon_core.package_discovery:discover_packages(colcon_meta) check parameters
[0.377s] Level 1:colcon.colcon_core.package_discovery:discover_packages(recursive) check parameters
[0.377s] Level 1:colcon.colcon_core.package_discovery:discover_packages(ignore) check parameters
[0.377s] Level 1:colcon.colcon_core.package_discovery:discover_packages(path) check parameters
[0.377s] Level 1:colcon.colcon_core.package_discovery:discover_packages(colcon_meta) discover
[0.378s] Level 1:colcon.colcon_core.package_discovery:discover_packages(recursive) discover
[0.378s] INFO:colcon.colcon_core.package_discovery:Crawling recursively for packages in '/home/fadi/arm_ws'
[0.378s] Level 1:colcon.colcon_core.package_identification:_identify(.) by extensions ['ignore', 'ignore_ament_install']
[0.378s] Level 1:colcon.colcon_core.package_identification:_identify(.) by extension 'ignore'
[0.378s] Level 1:colcon.colcon_core.package_identification:_identify(.) by extension 'ignore_ament_install'
[0.378s] Level 1:colcon.colcon_core.package_identification:_identify(.) by extensions ['colcon_pkg']
[0.378s] Level 1:colcon.colcon_core.package_identification:_identify(.) by extension 'colcon_pkg'
[0.378s] Level 1:colcon.colcon_core.package_identification:_identify(.) by extensions ['colcon_meta']
[0.378s] Level 1:colcon.colcon_core.package_identification:_identify(.) by extension 'colcon_meta'
[0.378s] Level 1:colcon.colcon_core.package_identification:_identify(.) by extensions ['ros']
[0.378s] Level 1:colcon.colcon_core.package_identification:_identify(.) by extension 'ros'
[0.393s] Level 1:colcon.colcon_core.package_identification:_identify(.) by extensions ['cmake', 'python']
[0.393s] Level 1:colcon.colcon_core.package_identification:_identify(.) by extension 'cmake'
[0.393s] Level 1:colcon.colcon_core.package_identification:_identify(.) by extension 'python'
[0.393s] Level 1:colcon.colcon_core.package_identification:_identify(.) by extensions ['python_setup_py']
[0.393s] Level 1:colcon.colcon_core.package_identification:_identify(.) by extension 'python_setup_py'
[0.393s] Level 1:colcon.colcon_core.package_identification:_identify(build) by extensions ['ignore', 'ignore_ament_install']
[0.393s] Level 1:colcon.colcon_core.package_identification:_identify(build) by extension 'ignore'
[0.393s] Level 1:colcon.colcon_core.package_identification:_identify(build) ignored
[0.393s] Level 1:colcon.colcon_core.package_identification:_identify(install) by extensions ['ignore', 'ignore_ament_install']
[0.393s] Level 1:colcon.colcon_core.package_identification:_identify(install) by extension 'ignore'
[0.393s] Level 1:colcon.colcon_core.package_identification:_identify(install) ignored
[0.394s] Level 1:colcon.colcon_core.package_identification:_identify(log) by extensions ['ignore', 'ignore_ament_install']
[0.394s] Level 1:colcon.colcon_core.package_identification:_identify(log) by extension 'ignore'
[0.394s] Level 1:colcon.colcon_core.package_identification:_identify(log) ignored
[0.394s] Level 1:colcon.colcon_core.package_identification:_identify(src) by extensions ['ignore', 'ignore_ament_install']
[0.394s] Level 1:colcon.colcon_core.package_identification:_identify(src) by extension 'ignore'
[0.394s] Level 1:colcon.colcon_core.package_identification:_identify(src) by extension 'ignore_ament_install'
[0.394s] Level 1:colcon.colcon_core.package_identification:_identify(src) by extensions ['colcon_pkg']
[0.394s] Level 1:colcon.colcon_core.package_identification:_identify(src) by extension 'colcon_pkg'
[0.394s] Level 1:colcon.colcon_core.package_identification:_identify(src) by extensions ['colcon_meta']
[0.394s] Level 1:colcon.colcon_core.package_identification:_identify(src) by extension 'colcon_meta'
[0.394s] Level 1:colcon.colcon_core.package_identification:_identify(src) by extensions ['ros']
[0.394s] Level 1:colcon.colcon_core.package_identification:_identify(src) by extension 'ros'
[0.394s] Level 1:colcon.colcon_core.package_identification:_identify(src) by extensions ['cmake', 'python']
[0.394s] Level 1:colcon.colcon_core.package_identification:_identify(src) by extension 'cmake'
[0.394s] Level 1:colcon.colcon_core.package_identification:_identify(src) by extension 'python'
[0.394s] Level 1:colcon.colcon_core.package_identification:_identify(src) by extensions ['python_setup_py']
[0.394s] Level 1:colcon.colcon_core.package_identification:_identify(src) by extension 'python_setup_py'
[0.395s] Level 1:colcon.colcon_core.package_identification:_identify(src/arm_moveit_config) by extensions ['ignore', 'ignore_ament_install']
[0.395s] Level 1:colcon.colcon_core.package_identification:_identify(src/arm_moveit_config) by extension 'ignore'
[0.395s] Level 1:colcon.colcon_core.package_identification:_identify(src/arm_moveit_config) by extension 'ignore_ament_install'
[0.395s] Level 1:colcon.colcon_core.package_identification:_identify(src/arm_moveit_config) by extensions ['colcon_pkg']
[0.395s] Level 1:colcon.colcon_core.package_identification:_identify(src/arm_moveit_config) by extension 'colcon_pkg'
[0.395s] Level 1:colcon.colcon_core.package_identification:_identify(src/arm_moveit_config) by extensions ['colcon_meta']
[0.395s] Level 1:colcon.colcon_core.package_identification:_identify(src/arm_moveit_config) by extension 'colcon_meta'
[0.395s] Level 1:colcon.colcon_core.package_identification:_identify(src/arm_moveit_config) by extensions ['ros']
[0.395s] Level 1:colcon.colcon_core.package_identification:_identify(src/arm_moveit_config) by extension 'ros'
[0.398s] DEBUG:colcon.colcon_core.package_identification:Package 'src/arm_moveit_config' with type 'ros.ament_cmake' and name 'arm_moveit_config'
[0.398s] Level 1:colcon.colcon_core.package_identification:_identify(src/moveit_resources) by extensions ['ignore', 'ignore_ament_install']
[0.398s] Level 1:colcon.colcon_core.package_identification:_identify(src/moveit_resources) by extension 'ignore'
[0.398s] Level 1:colcon.colcon_core.package_identification:_identify(src/moveit_resources) by extension 'ignore_ament_install'
[0.398s] Level 1:colcon.colcon_core.package_identification:_identify(src/moveit_resources) by extensions ['colcon_pkg']
[0.398s] Level 1:colcon.colcon_core.package_identification:_identify(src/moveit_resources) by extension 'colcon_pkg'
[0.398s] Level 1:colcon.colcon_core.package_identification:_identify(src/moveit_resources) by extensions ['colcon_meta']
[0.398s] Level 1:colcon.colcon_core.package_identification:_identify(src/moveit_resources) by extension 'colcon_meta'
[0.399s] Level 1:colcon.colcon_core.package_identification:_identify(src/moveit_resources) by extensions ['ros']
[0.399s] Level 1:colcon.colcon_core.package_identification:_identify(src/moveit_resources) by extension 'ros'
[0.399s] Level 1:colcon.colcon_core.package_identification:_identify(src/moveit_resources) by extensions ['cmake', 'python']
[0.399s] Level 1:colcon.colcon_core.package_identification:_identify(src/moveit_resources) by extension 'cmake'
[0.399s] Level 1:colcon.colcon_core.package_identification:_identify(src/moveit_resources) by extension 'python'
[0.399s] Level 1:colcon.colcon_core.package_identification:_identify(src/moveit_resources) by extensions ['python_setup_py']
[0.399s] Level 1:colcon.colcon_core.package_identification:_identify(src/moveit_resources) by extension 'python_setup_py'
[0.399s] Level 1:colcon.colcon_core.package_identification:_identify(src/moveit_resources/arm_description) by extensions ['ignore', 'ignore_ament_install']
[0.399s] Level 1:colcon.colcon_core.package_identification:_identify(src/moveit_resources/arm_description) by extension 'ignore'
[0.399s] Level 1:colcon.colcon_core.package_identification:_identify(src/moveit_resources/arm_description) by extension 'ignore_ament_install'
[0.399s] Level 1:colcon.colcon_core.package_identification:_identify(src/moveit_resources/arm_description) by extensions ['colcon_pkg']
[0.399s] Level 1:colcon.colcon_core.package_identification:_identify(src/moveit_resources/arm_description) by extension 'colcon_pkg'
[0.399s] Level 1:colcon.colcon_core.package_identification:_identify(src/moveit_resources/arm_description) by extensions ['colcon_meta']
[0.399s] Level 1:colcon.colcon_core.package_identification:_identify(src/moveit_resources/arm_description) by extension 'colcon_meta'
[0.399s] Level 1:colcon.colcon_core.package_identification:_identify(src/moveit_resources/arm_description) by extensions ['ros']
[0.399s] Level 1:colcon.colcon_core.package_identification:_identify(src/moveit_resources/arm_description) by extension 'ros'
[0.400s] DEBUG:colcon.colcon_core.package_identification:Package 'src/moveit_resources/arm_description' with type 'ros.ament_cmake' and name 'moveit_resources_arm_description'
[0.400s] Level 1:colcon.colcon_core.package_discovery:discover_packages(recursive) using defaults
[0.400s] Level 1:colcon.colcon_core.package_discovery:discover_packages(ignore) discover
[0.400s] Level 1:colcon.colcon_core.package_discovery:discover_packages(ignore) using defaults
[0.400s] Level 1:colcon.colcon_core.package_discovery:discover_packages(path) discover
[0.400s] Level 1:colcon.colcon_core.package_discovery:discover_packages(path) using defaults
[0.427s] Level 1:colcon.colcon_core.package_discovery:discover_packages(prefix_path) check parameters
[0.427s] Level 1:colcon.colcon_core.package_discovery:discover_packages(prefix_path) discover
[0.433s] DEBUG:colcon.colcon_installed_package_information.package_discovery:Found 1 installed packages in /home/fadi/arm_ws/install
[0.436s] DEBUG:colcon.colcon_installed_package_information.package_discovery:Found 56 installed packages in /home/fadi/ws_moveit2/install
[0.439s] DEBUG:colcon.colcon_installed_package_information.package_discovery:Found 320 installed packages in /opt/ros/humble
[0.440s] Level 1:colcon.colcon_core.package_discovery:discover_packages(prefix_path) using defaults
[0.556s] Level 5:colcon.colcon_core.verb:set package 'moveit_resources_arm_description' build argument 'cmake_args' from command line to 'None'
[0.556s] Level 5:colcon.colcon_core.verb:set package 'moveit_resources_arm_description' build argument 'cmake_target' from command line to 'None'
[0.556s] Level 5:colcon.colcon_core.verb:set package 'moveit_resources_arm_description' build argument 'cmake_target_skip_unavailable' from command line to 'False'
[0.556s] Level 5:colcon.colcon_core.verb:set package 'moveit_resources_arm_description' build argument 'cmake_clean_cache' from command line to 'False'
[0.556s] Level 5:colcon.colcon_core.verb:set package 'moveit_resources_arm_description' build argument 'cmake_clean_first' from command line to 'False'
[0.556s] Level 5:colcon.colcon_core.verb:set package 'moveit_resources_arm_description' build argument 'cmake_force_configure' from command line to 'False'
[0.556s] Level 5:colcon.colcon_core.verb:set package 'moveit_resources_arm_description' build argument 'ament_cmake_args' from command line to 'None'
[0.556s] Level 5:colcon.colcon_core.verb:set package 'moveit_resources_arm_description' build argument 'catkin_cmake_args' from command line to 'None'
[0.556s] Level 5:colcon.colcon_core.verb:set package 'moveit_resources_arm_description' build argument 'catkin_skip_building_tests' from command line to 'False'
[0.556s] DEBUG:colcon.colcon_core.verb:Building package 'moveit_resources_arm_description' with the following arguments: {'ament_cmake_args': None, 'build_base': '/home/fadi/arm_ws/build/moveit_resources_arm_description', 'catkin_cmake_args': None, 'catkin_skip_building_tests': False, 'cmake_args': None, 'cmake_clean_cache': False, 'cmake_clean_first': False, 'cmake_force_configure': False, 'cmake_target': None, 'cmake_target_skip_unavailable': False, 'install_base': '/home/fadi/arm_ws/install/moveit_resources_arm_description', 'merge_install': False, 'path': '/home/fadi/arm_ws/src/moveit_resources/arm_description', 'symlink_install': False, 'test_result_base': None}
[0.557s] Level 5:colcon.colcon_core.verb:set package 'arm_moveit_config' build argument 'cmake_args' from command line to 'None'
[0.557s] Level 5:colcon.colcon_core.verb:set package 'arm_moveit_config' build argument 'cmake_target' from command line to 'None'
[0.557s] Level 5:colcon.colcon_core.verb:set package 'arm_moveit_config' build argument 'cmake_target_skip_unavailable' from command line to 'False'
[0.557s] Level 5:colcon.colcon_core.verb:set package 'arm_moveit_config' build argument 'cmake_clean_cache' from command line to 'False'
[0.557s] Level 5:colcon.colcon_core.verb:set package 'arm_moveit_config' build argument 'cmake_clean_first' from command line to 'False'
[0.557s] Level 5:colcon.colcon_core.verb:set package 'arm_moveit_config' build argument 'cmake_force_configure' from command line to 'False'
[0.557s] Level 5:colcon.colcon_core.verb:set package 'arm_moveit_config' build argument 'ament_cmake_args' from command line to 'None'
[0.557s] Level 5:colcon.colcon_core.verb:set package 'arm_moveit_config' build argument 'catkin_cmake_args' from command line to 'None'
[0.557s] Level 5:colcon.colcon_core.verb:set package 'arm_moveit_config' build argument 'catkin_skip_building_tests' from command line to 'False'
[0.557s] DEBUG:colcon.colcon_core.verb:Building package 'arm_moveit_config' with the following arguments: {'ament_cmake_args': None, 'build_base': '/home/fadi/arm_ws/build/arm_moveit_config', 'catkin_cmake_args': None, 'catkin_skip_building_tests': False, 'cmake_args': None, 'cmake_clean_cache': False, 'cmake_clean_first': False, 'cmake_force_configure': False, 'cmake_target': None, 'cmake_target_skip_unavailable': False, 'install_base': '/home/fadi/arm_ws/install/arm_moveit_config', 'merge_install': False, 'path': '/home/fadi/arm_ws/src/arm_moveit_config', 'symlink_install': False, 'test_result_base': None}
[0.558s] INFO:colcon.colcon_core.executor:Executing jobs using 'parallel' executor
[0.561s] DEBUG:colcon.colcon_parallel_executor.executor.parallel:run_until_complete
[0.561s] INFO:colcon.colcon_ros.task.ament_cmake.build:Building ROS package in '/home/fadi/arm_ws/src/moveit_resources/arm_description' with build type 'ament_cmake'
[0.561s] INFO:colcon.colcon_cmake.task.cmake.build:Building CMake package in '/home/fadi/arm_ws/src/moveit_resources/arm_description'
[0.566s] INFO:colcon.colcon_core.plugin_system:Skipping extension 'colcon_core.shell.bat': Not used on non-Windows systems
[0.566s] INFO:colcon.colcon_core.shell:Skip shell extension 'powershell' for command environment: Not usable outside of PowerShell
[0.566s] DEBUG:colcon.colcon_core.shell:Skip shell extension 'dsv' for command environment
[0.588s] DEBUG:colcon.colcon_core.event_handler.log_command:Invoking command in '/home/fadi/arm_ws/build/moveit_resources_arm_description': CMAKE_PREFIX_PATH=${CMAKE_PREFIX_PATH}:/home/fadi/ws_moveit2/install/moveit_configs_utils:/home/fadi/ws_moveit2/install/launch_param_builder:/opt/ros/humble /usr/bin/cmake --build /home/fadi/arm_ws/build/moveit_resources_arm_description -- -j2 -l2
[0.670s] DEBUG:colcon.colcon_core.event_handler.log_command:Invoked command in '/home/fadi/arm_ws/build/moveit_resources_arm_description' returned '0': CMAKE_PREFIX_PATH=${CMAKE_PREFIX_PATH}:/home/fadi/ws_moveit2/install/moveit_configs_utils:/home/fadi/ws_moveit2/install/launch_param_builder:/opt/ros/humble /usr/bin/cmake --build /home/fadi/arm_ws/build/moveit_resources_arm_description -- -j2 -l2
[0.746s] DEBUG:colcon.colcon_core.event_handler.log_command:Invoking command in '/home/fadi/arm_ws/build/moveit_resources_arm_description': CMAKE_PREFIX_PATH=${CMAKE_PREFIX_PATH}:/home/fadi/ws_moveit2/install/moveit_configs_utils:/home/fadi/ws_moveit2/install/launch_param_builder:/opt/ros/humble /usr/bin/cmake --install /home/fadi/arm_ws/build/moveit_resources_arm_description
[0.764s] Level 1:colcon.colcon_core.environment:create_environment_scripts_only(moveit_resources_arm_description)
[0.765s] DEBUG:colcon.colcon_core.event_handler.log_command:Invoked command in '/home/fadi/arm_ws/build/moveit_resources_arm_description' returned '0': CMAKE_PREFIX_PATH=${CMAKE_PREFIX_PATH}:/home/fadi/ws_moveit2/install/moveit_configs_utils:/home/fadi/ws_moveit2/install/launch_param_builder:/opt/ros/humble /usr/bin/cmake --install /home/fadi/arm_ws/build/moveit_resources_arm_description
[0.769s] Level 1:colcon.colcon_core.environment:checking '/home/fadi/arm_ws/install/moveit_resources_arm_description' for CMake module files
[0.770s] Level 1:colcon.colcon_core.environment:checking '/home/fadi/arm_ws/install/moveit_resources_arm_description' for CMake config files
[0.770s] Level 1:colcon.colcon_core.shell:create_environment_hook('moveit_resources_arm_description', 'cmake_prefix_path')
[0.771s] INFO:colcon.colcon_core.shell:Creating environment hook '/home/fadi/arm_ws/install/moveit_resources_arm_description/share/moveit_resources_arm_description/hook/cmake_prefix_path.ps1'
[0.772s] INFO:colcon.colcon_core.shell:Creating environment descriptor '/home/fadi/arm_ws/install/moveit_resources_arm_description/share/moveit_resources_arm_description/hook/cmake_prefix_path.dsv'
[0.772s] INFO:colcon.colcon_core.shell:Creating environment hook '/home/fadi/arm_ws/install/moveit_resources_arm_description/share/moveit_resources_arm_description/hook/cmake_prefix_path.sh'
[0.773s] Level 1:colcon.colcon_core.environment:checking '/home/fadi/arm_ws/install/moveit_resources_arm_description/bin'
[0.773s] Level 1:colcon.colcon_core.environment:checking '/home/fadi/arm_ws/install/moveit_resources_arm_description/lib/pkgconfig/moveit_resources_arm_description.pc'
[0.774s] Level 1:colcon.colcon_core.environment:checking '/home/fadi/arm_ws/install/moveit_resources_arm_description/lib/python3.10/site-packages'
[0.774s] Level 1:colcon.colcon_core.environment:checking '/home/fadi/arm_ws/install/moveit_resources_arm_description/bin'
[0.775s] INFO:colcon.colcon_core.shell:Creating package script '/home/fadi/arm_ws/install/moveit_resources_arm_description/share/moveit_resources_arm_description/package.ps1'
[0.776s] INFO:colcon.colcon_core.shell:Creating package descriptor '/home/fadi/arm_ws/install/moveit_resources_arm_description/share/moveit_resources_arm_description/package.dsv'
[0.776s] INFO:colcon.colcon_core.shell:Creating package script '/home/fadi/arm_ws/install/moveit_resources_arm_description/share/moveit_resources_arm_description/package.sh'
[0.777s] INFO:colcon.colcon_core.shell:Creating package script '/home/fadi/arm_ws/install/moveit_resources_arm_description/share/moveit_resources_arm_description/package.bash'
[0.778s] INFO:colcon.colcon_core.shell:Creating package script '/home/fadi/arm_ws/install/moveit_resources_arm_description/share/moveit_resources_arm_description/package.zsh'
[0.779s] Level 1:colcon.colcon_core.environment:create_file_with_runtime_dependencies(/home/fadi/arm_ws/install/moveit_resources_arm_description/share/colcon-core/packages/moveit_resources_arm_description)
[0.834s] Level 1:colcon.colcon_core.environment:create_environment_scripts_only(moveit_resources_arm_description)
[0.836s] Level 1:colcon.colcon_core.environment:checking '/home/fadi/arm_ws/install/moveit_resources_arm_description' for CMake module files
[0.836s] Level 1:colcon.colcon_core.environment:checking '/home/fadi/arm_ws/install/moveit_resources_arm_description' for CMake config files
[0.836s] Level 1:colcon.colcon_core.shell:create_environment_hook('moveit_resources_arm_description', 'cmake_prefix_path')
[0.837s] INFO:colcon.colcon_core.shell:Creating environment hook '/home/fadi/arm_ws/install/moveit_resources_arm_description/share/moveit_resources_arm_description/hook/cmake_prefix_path.ps1'
[0.838s] INFO:colcon.colcon_core.shell:Creating environment descriptor '/home/fadi/arm_ws/install/moveit_resources_arm_description/share/moveit_resources_arm_description/hook/cmake_prefix_path.dsv'
[0.838s] INFO:colcon.colcon_core.shell:Creating environment hook '/home/fadi/arm_ws/install/moveit_resources_arm_description/share/moveit_resources_arm_description/hook/cmake_prefix_path.sh'
[0.839s] Level 1:colcon.colcon_core.environment:checking '/home/fadi/arm_ws/install/moveit_resources_arm_description/bin'
[0.839s] Level 1:colcon.colcon_core.environment:checking '/home/fadi/arm_ws/install/moveit_resources_arm_description/lib/pkgconfig/moveit_resources_arm_description.pc'
[0.839s] Level 1:colcon.colcon_core.environment:checking '/home/fadi/arm_ws/install/moveit_resources_arm_description/lib/python3.10/site-packages'
[0.839s] Level 1:colcon.colcon_core.environment:checking '/home/fadi/arm_ws/install/moveit_resources_arm_description/bin'
[0.841s] INFO:colcon.colcon_core.shell:Creating package script '/home/fadi/arm_ws/install/moveit_resources_arm_description/share/moveit_resources_arm_description/package.ps1'
[0.841s] INFO:colcon.colcon_core.shell:Creating package descriptor '/home/fadi/arm_ws/install/moveit_resources_arm_description/share/moveit_resources_arm_description/package.dsv'
[0.842s] INFO:colcon.colcon_core.shell:Creating package script '/home/fadi/arm_ws/install/moveit_resources_arm_description/share/moveit_resources_arm_description/package.sh'
[0.842s] INFO:colcon.colcon_core.shell:Creating package script '/home/fadi/arm_ws/install/moveit_resources_arm_description/share/moveit_resources_arm_description/package.bash'
[0.843s] INFO:colcon.colcon_core.shell:Creating package script '/home/fadi/arm_ws/install/moveit_resources_arm_description/share/moveit_resources_arm_description/package.zsh'
[0.843s] Level 1:colcon.colcon_core.environment:create_file_with_runtime_dependencies(/home/fadi/arm_ws/install/moveit_resources_arm_description/share/colcon-core/packages/moveit_resources_arm_description)
[0.843s] INFO:colcon.colcon_ros.task.ament_cmake.build:Building ROS package in '/home/fadi/arm_ws/src/arm_moveit_config' with build type 'ament_cmake'
[0.843s] INFO:colcon.colcon_cmake.task.cmake.build:Building CMake package in '/home/fadi/arm_ws/src/arm_moveit_config'
[0.845s] INFO:colcon.colcon_core.shell:Skip shell extension 'powershell' for command environment: Not usable outside of PowerShell
[0.845s] DEBUG:colcon.colcon_core.shell:Skip shell extension 'dsv' for command environment
[0.863s] DEBUG:colcon.colcon_core.event_handler.log_command:Invoking command in '/home/fadi/arm_ws/build/arm_moveit_config': CMAKE_PREFIX_PATH=${CMAKE_PREFIX_PATH}:/home/fadi/ws_moveit2/install/moveit_configs_utils:/home/fadi/ws_moveit2/install/launch_param_builder:/opt/ros/humble /usr/bin/cmake /home/fadi/arm_ws/src/arm_moveit_config -DCMAKE_INSTALL_PREFIX=/home/fadi/arm_ws/install/arm_moveit_config
[1.872s] DEBUG:colcon.colcon_core.event_handler.log_command:Invoked command in '/home/fadi/arm_ws/build/arm_moveit_config' returned '0': CMAKE_PREFIX_PATH=${CMAKE_PREFIX_PATH}:/home/fadi/ws_moveit2/install/moveit_configs_utils:/home/fadi/ws_moveit2/install/launch_param_builder:/opt/ros/humble /usr/bin/cmake /home/fadi/arm_ws/src/arm_moveit_config -DCMAKE_INSTALL_PREFIX=/home/fadi/arm_ws/install/arm_moveit_config
[1.874s] DEBUG:colcon.colcon_core.event_handler.log_command:Invoking command in '/home/fadi/arm_ws/build/arm_moveit_config': CMAKE_PREFIX_PATH=${CMAKE_PREFIX_PATH}:/home/fadi/ws_moveit2/install/moveit_configs_utils:/home/fadi/ws_moveit2/install/launch_param_builder:/opt/ros/humble /usr/bin/cmake --build /home/fadi/arm_ws/build/arm_moveit_config -- -j2 -l2
[1.946s] DEBUG:colcon.colcon_core.event_handler.log_command:Invoked command in '/home/fadi/arm_ws/build/arm_moveit_config' returned '0': CMAKE_PREFIX_PATH=${CMAKE_PREFIX_PATH}:/home/fadi/ws_moveit2/install/moveit_configs_utils:/home/fadi/ws_moveit2/install/launch_param_builder:/opt/ros/humble /usr/bin/cmake --build /home/fadi/arm_ws/build/arm_moveit_config -- -j2 -l2
[1.997s] DEBUG:colcon.colcon_core.event_handler.log_command:Invoking command in '/home/fadi/arm_ws/build/arm_moveit_config': CMAKE_PREFIX_PATH=${CMAKE_PREFIX_PATH}:/home/fadi/ws_moveit2/install/moveit_configs_utils:/home/fadi/ws_moveit2/install/launch_param_builder:/opt/ros/humble /usr/bin/cmake --install /home/fadi/arm_ws/build/arm_moveit_config
[2.024s] Level 1:colcon.colcon_core.environment:create_environment_scripts_only(arm_moveit_config)
[2.026s] Level 1:colcon.colcon_core.environment:checking '/home/fadi/arm_ws/install/arm_moveit_config' for CMake module files
[2.026s] DEBUG:colcon.colcon_core.event_handler.log_command:Invoked command in '/home/fadi/arm_ws/build/arm_moveit_config' returned '0': CMAKE_PREFIX_PATH=${CMAKE_PREFIX_PATH}:/home/fadi/ws_moveit2/install/moveit_configs_utils:/home/fadi/ws_moveit2/install/launch_param_builder:/opt/ros/humble /usr/bin/cmake --install /home/fadi/arm_ws/build/arm_moveit_config
[2.026s] Level 1:colcon.colcon_core.environment:checking '/home/fadi/arm_ws/install/arm_moveit_config' for CMake config files
[2.027s] Level 1:colcon.colcon_core.shell:create_environment_hook('arm_moveit_config', 'cmake_prefix_path')
[2.028s] INFO:colcon.colcon_core.shell:Creating environment hook '/home/fadi/arm_ws/install/arm_moveit_config/share/arm_moveit_config/hook/cmake_prefix_path.ps1'
[2.028s] INFO:colcon.colcon_core.shell:Creating environment descriptor '/home/fadi/arm_ws/install/arm_moveit_config/share/arm_moveit_config/hook/cmake_prefix_path.dsv'
[2.029s] INFO:colcon.colcon_core.shell:Creating environment hook '/home/fadi/arm_ws/install/arm_moveit_config/share/arm_moveit_config/hook/cmake_prefix_path.sh'
[2.029s] Level 1:colcon.colcon_core.environment:checking '/home/fadi/arm_ws/install/arm_moveit_config/bin'
[2.029s] Level 1:colcon.colcon_core.environment:checking '/home/fadi/arm_ws/install/arm_moveit_config/lib/pkgconfig/arm_moveit_config.pc'
[2.029s] Level 1:colcon.colcon_core.environment:checking '/home/fadi/arm_ws/install/arm_moveit_config/lib/python3.10/site-packages'
[2.030s] Level 1:colcon.colcon_core.environment:checking '/home/fadi/arm_ws/install/arm_moveit_config/bin'
[2.031s] INFO:colcon.colcon_core.shell:Creating package script '/home/fadi/arm_ws/install/arm_moveit_config/share/arm_moveit_config/package.ps1'
[2.031s] INFO:colcon.colcon_core.shell:Creating package descriptor '/home/fadi/arm_ws/install/arm_moveit_config/share/arm_moveit_config/package.dsv'
[2.032s] INFO:colcon.colcon_core.shell:Creating package script '/home/fadi/arm_ws/install/arm_moveit_config/share/arm_moveit_config/package.sh'
[2.032s] INFO:colcon.colcon_core.shell:Creating package script '/home/fadi/arm_ws/install/arm_moveit_config/share/arm_moveit_config/package.bash'
[2.032s] INFO:colcon.colcon_core.shell:Creating package script '/home/fadi/arm_ws/install/arm_moveit_config/share/arm_moveit_config/package.zsh'
[2.033s] Level 1:colcon.colcon_core.environment:create_file_with_runtime_dependencies(/home/fadi/arm_ws/install/arm_moveit_config/share/colcon-core/packages/arm_moveit_config)
[2.087s] Level 1:colcon.colcon_core.environment:create_environment_scripts_only(arm_moveit_config)
[2.089s] Level 1:colcon.colcon_core.environment:checking '/home/fadi/arm_ws/install/arm_moveit_config' for CMake module files
[2.090s] Level 1:colcon.colcon_core.environment:checking '/home/fadi/arm_ws/install/arm_moveit_config' for CMake config files
[2.090s] Level 1:colcon.colcon_core.shell:create_environment_hook('arm_moveit_config', 'cmake_prefix_path')
[2.091s] INFO:colcon.colcon_core.shell:Creating environment hook '/home/fadi/arm_ws/install/arm_moveit_config/share/arm_moveit_config/hook/cmake_prefix_path.ps1'
[2.091s] INFO:colcon.colcon_core.shell:Creating environment descriptor '/home/fadi/arm_ws/install/arm_moveit_config/share/arm_moveit_config/hook/cmake_prefix_path.dsv'
[2.092s] INFO:colcon.colcon_core.shell:Creating environment hook '/home/fadi/arm_ws/install/arm_moveit_config/share/arm_moveit_config/hook/cmake_prefix_path.sh'
[2.093s] Level 1:colcon.colcon_core.environment:checking '/home/fadi/arm_ws/install/arm_moveit_config/bin'
[2.093s] Level 1:colcon.colcon_core.environment:checking '/home/fadi/arm_ws/install/arm_moveit_config/lib/pkgconfig/arm_moveit_config.pc'
[2.093s] Level 1:colcon.colcon_core.environment:checking '/home/fadi/arm_ws/install/arm_moveit_config/lib/python3.10/site-packages'
[2.093s] Level 1:colcon.colcon_core.environment:checking '/home/fadi/arm_ws/install/arm_moveit_config/bin'
[2.095s] INFO:colcon.colcon_core.shell:Creating package script '/home/fadi/arm_ws/install/arm_moveit_config/share/arm_moveit_config/package.ps1'
[2.096s] INFO:colcon.colcon_core.shell:Creating package descriptor '/home/fadi/arm_ws/install/arm_moveit_config/share/arm_moveit_config/package.dsv'
[2.098s] INFO:colcon.colcon_core.shell:Creating package script '/home/fadi/arm_ws/install/arm_moveit_config/share/arm_moveit_config/package.sh'
[2.098s] INFO:colcon.colcon_core.shell:Creating package script '/home/fadi/arm_ws/install/arm_moveit_config/share/arm_moveit_config/package.bash'
[2.099s] INFO:colcon.colcon_core.shell:Creating package script '/home/fadi/arm_ws/install/arm_moveit_config/share/arm_moveit_config/package.zsh'
[2.099s] Level 1:colcon.colcon_core.environment:create_file_with_runtime_dependencies(/home/fadi/arm_ws/install/arm_moveit_config/share/colcon-core/packages/arm_moveit_config)
[2.100s] DEBUG:colcon.colcon_parallel_executor.executor.parallel:closing loop
[2.100s] DEBUG:colcon.colcon_parallel_executor.executor.parallel:loop closed
[2.100s] DEBUG:colcon.colcon_parallel_executor.executor.parallel:run_until_complete finished with '0'
[2.101s] DEBUG:colcon.colcon_core.event_reactor:joining thread
[2.107s] INFO:colcon.colcon_core.plugin_system:Skipping extension 'colcon_notification.desktop_notification.terminal_notifier': Not used on non-Darwin systems
[2.108s] INFO:colcon.colcon_core.plugin_system:Skipping extension 'colcon_notification.desktop_notification.win32': Not used on non-Windows systems
[2.108s] INFO:colcon.colcon_notification.desktop_notification:Sending desktop notification using 'notify2'
[2.129s] DEBUG:colcon.colcon_core.event_reactor:joined thread
[2.131s] INFO:colcon.colcon_core.shell:Creating prefix script '/home/fadi/arm_ws/install/local_setup.ps1'
[2.134s] INFO:colcon.colcon_core.shell:Creating prefix util module '/home/fadi/arm_ws/install/_local_setup_util_ps1.py'
[2.136s] INFO:colcon.colcon_core.shell:Creating prefix chain script '/home/fadi/arm_ws/install/setup.ps1'
[2.141s] INFO:colcon.colcon_core.shell:Creating prefix script '/home/fadi/arm_ws/install/local_setup.sh'
[2.142s] INFO:colcon.colcon_core.shell:Creating prefix util module '/home/fadi/arm_ws/install/_local_setup_util_sh.py'
[2.145s] INFO:colcon.colcon_core.shell:Creating prefix chain script '/home/fadi/arm_ws/install/setup.sh'
[2.154s] INFO:colcon.colcon_core.shell:Creating prefix script '/home/fadi/arm_ws/install/local_setup.bash'
[2.155s] INFO:colcon.colcon_core.shell:Creating prefix chain script '/home/fadi/arm_ws/install/setup.bash'
[2.161s] INFO:colcon.colcon_core.shell:Creating prefix script '/home/fadi/arm_ws/install/local_setup.zsh'
[2.163s] INFO:colcon.colcon_core.shell:Creating prefix chain script '/home/fadi/arm_ws/install/setup.zsh'
