[0.025s] Invoking command in '/home/fadi/arm_ws/build/moveit_resources_arm_description': CMAKE_PREFIX_PATH=/opt/ros/humble /usr/bin/cmake /home/fadi/arm_ws/src/moveit_resources/arm_description -DCMAKE_INSTALL_PREFIX=/home/fadi/arm_ws/install/moveit_resources_arm_description
[0.230s] -- The C compiler identification is GNU 11.3.0
[0.400s] -- The CXX compiler identification is GNU 11.3.0
[0.417s] -- Detecting C compiler ABI info
[0.516s] -- Detecting C compiler ABI info - done
[0.523s] -- Check for working C compiler: /usr/bin/cc - skipped
[0.524s] -- Detecting C compile features
[0.526s] -- Detecting C compile features - done
[0.538s] -- Detecting CXX compiler ABI info
[0.633s] -- Detecting CXX compiler ABI info - done
[0.641s] -- Check for working CXX compiler: /usr/bin/c++ - skipped
[0.641s] -- Detecting CXX compile features
[0.642s] -- Detecting CXX compile features - done
[0.657s] -- Found ament_cmake: 1.3.4 (/opt/ros/humble/share/ament_cmake/cmake)
[0.863s] -- Found Python3: /usr/bin/python3.10 (found version "3.10.6") found components: Interpreter 
[1.089s] -- Configuring done
[1.092s] -- Generating done
[1.093s] -- Build files have been written to: /home/fadi/arm_ws/build/moveit_resources_arm_description
[1.098s] Invoked command in '/home/fadi/arm_ws/build/moveit_resources_arm_description' returned '0': CMAKE_PREFIX_PATH=/opt/ros/humble /usr/bin/cmake /home/fadi/arm_ws/src/moveit_resources/arm_description -DCMAKE_INSTALL_PREFIX=/home/fadi/arm_ws/install/moveit_resources_arm_description
[1.099s] Invoking command in '/home/fadi/arm_ws/build/moveit_resources_arm_description': CMAKE_PREFIX_PATH=/opt/ros/humble /usr/bin/cmake --build /home/fadi/arm_ws/build/moveit_resources_arm_description -- -j2 -l2
[1.145s] Invoked command in '/home/fadi/arm_ws/build/moveit_resources_arm_description' returned '0': CMAKE_PREFIX_PATH=/opt/ros/humble /usr/bin/cmake --build /home/fadi/arm_ws/build/moveit_resources_arm_description -- -j2 -l2
[1.179s] Invoking command in '/home/fadi/arm_ws/build/moveit_resources_arm_description': CMAKE_PREFIX_PATH=/opt/ros/humble /usr/bin/cmake --install /home/fadi/arm_ws/build/moveit_resources_arm_description
[1.186s] -- Install configuration: ""
[1.187s] -- Installing: /home/fadi/arm_ws/install/moveit_resources_arm_description/share/ament_index/resource_index/package_run_dependencies/moveit_resources_arm_description
[1.187s] -- Installing: /home/fadi/arm_ws/install/moveit_resources_arm_description/share/ament_index/resource_index/parent_prefix_path/moveit_resources_arm_description
[1.188s] -- Installing: /home/fadi/arm_ws/install/moveit_resources_arm_description/share/moveit_resources_arm_description/environment/ament_prefix_path.sh
[1.188s] -- Installing: /home/fadi/arm_ws/install/moveit_resources_arm_description/share/moveit_resources_arm_description/environment/ament_prefix_path.dsv
[1.188s] -- Installing: /home/fadi/arm_ws/install/moveit_resources_arm_description/share/moveit_resources_arm_description/environment/path.sh
[1.189s] -- Installing: /home/fadi/arm_ws/install/moveit_resources_arm_description/share/moveit_resources_arm_description/environment/path.dsv
[1.189s] -- Installing: /home/fadi/arm_ws/install/moveit_resources_arm_description/share/moveit_resources_arm_description/local_setup.bash
[1.189s] -- Installing: /home/fadi/arm_ws/install/moveit_resources_arm_description/share/moveit_resources_arm_description/local_setup.sh
[1.189s] -- Installing: /home/fadi/arm_ws/install/moveit_resources_arm_description/share/moveit_resources_arm_description/local_setup.zsh
[1.190s] -- Installing: /home/fadi/arm_ws/install/moveit_resources_arm_description/share/moveit_resources_arm_description/local_setup.dsv
[1.190s] -- Installing: /home/fadi/arm_ws/install/moveit_resources_arm_description/share/moveit_resources_arm_description/package.dsv
[1.191s] -- Installing: /home/fadi/arm_ws/install/moveit_resources_arm_description/share/ament_index/resource_index/packages/moveit_resources_arm_description
[1.191s] -- Installing: /home/fadi/arm_ws/install/moveit_resources_arm_description/share/moveit_resources_arm_description/cmake/moveit_resources_arm_descriptionConfig.cmake
[1.191s] -- Installing: /home/fadi/arm_ws/install/moveit_resources_arm_description/share/moveit_resources_arm_description/cmake/moveit_resources_arm_descriptionConfig-version.cmake
[1.191s] -- Installing: /home/fadi/arm_ws/install/moveit_resources_arm_description/share/moveit_resources_arm_description/package.xml
[1.192s] -- Installing: /home/fadi/arm_ws/install/moveit_resources_arm_description/share/moveit_resources_arm_description/urdf
[1.192s] -- Installing: /home/fadi/arm_ws/install/moveit_resources_arm_description/share/moveit_resources_arm_description/urdf/arm.urdf
[1.194s] Invoked command in '/home/fadi/arm_ws/build/moveit_resources_arm_description' returned '0': CMAKE_PREFIX_PATH=/opt/ros/humble /usr/bin/cmake --install /home/fadi/arm_ws/build/moveit_resources_arm_description
