[0.017s] Invoking command in '/home/fadi/arm_ws/build/arm_moveit_config': CMAKE_PREFIX_PATH=${CMAKE_PREFIX_PATH}:/home/fadi/ws_moveit2/install/moveit_configs_utils:/home/fadi/ws_moveit2/install/launch_param_builder:/opt/ros/humble /usr/bin/cmake /home/fadi/arm_ws/src/arm_moveit_config -DCMAKE_INSTALL_PREFIX=/home/fadi/arm_ws/install/arm_moveit_config
[0.107s] -- The C compiler identification is GNU 11.3.0
[0.181s] -- The CXX compiler identification is GNU 11.3.0
[0.189s] -- Detecting C compiler ABI info
[0.305s] -- Detecting C compiler ABI info - done
[0.312s] -- Check for working C compiler: /usr/bin/cc - skipped
[0.312s] -- Detecting C compile features
[0.312s] -- Detecting C compile features - done
[0.315s] -- Detecting CXX compiler ABI info
[0.434s] -- Detecting CXX compiler ABI info - done
[0.441s] -- Check for working CXX compiler: /usr/bin/c++ - skipped
[0.442s] -- Detecting CXX compile features
[0.442s] -- Detecting CXX compile features - done
[0.470s] -- Found ament_cmake: 1.3.4 (/opt/ros/humble/share/ament_cmake/cmake)
[0.740s] -- Found Python3: /usr/bin/python3.10 (found version "3.10.6") found components: Interpreter 
[1.017s] -- Configuring done
[1.020s] -- Generating done
[1.021s] -- Build files have been written to: /home/fadi/arm_ws/build/arm_moveit_config
[1.026s] Invoked command in '/home/fadi/arm_ws/build/arm_moveit_config' returned '0': CMAKE_PREFIX_PATH=${CMAKE_PREFIX_PATH}:/home/fadi/ws_moveit2/install/moveit_configs_utils:/home/fadi/ws_moveit2/install/launch_param_builder:/opt/ros/humble /usr/bin/cmake /home/fadi/arm_ws/src/arm_moveit_config -DCMAKE_INSTALL_PREFIX=/home/fadi/arm_ws/install/arm_moveit_config
[1.028s] Invoking command in '/home/fadi/arm_ws/build/arm_moveit_config': CMAKE_PREFIX_PATH=${CMAKE_PREFIX_PATH}:/home/fadi/ws_moveit2/install/moveit_configs_utils:/home/fadi/ws_moveit2/install/launch_param_builder:/opt/ros/humble /usr/bin/cmake --build /home/fadi/arm_ws/build/arm_moveit_config -- -j2 -l2
[1.100s] Invoked command in '/home/fadi/arm_ws/build/arm_moveit_config' returned '0': CMAKE_PREFIX_PATH=${CMAKE_PREFIX_PATH}:/home/fadi/ws_moveit2/install/moveit_configs_utils:/home/fadi/ws_moveit2/install/launch_param_builder:/opt/ros/humble /usr/bin/cmake --build /home/fadi/arm_ws/build/arm_moveit_config -- -j2 -l2
[1.150s] Invoking command in '/home/fadi/arm_ws/build/arm_moveit_config': CMAKE_PREFIX_PATH=${CMAKE_PREFIX_PATH}:/home/fadi/ws_moveit2/install/moveit_configs_utils:/home/fadi/ws_moveit2/install/launch_param_builder:/opt/ros/humble /usr/bin/cmake --install /home/fadi/arm_ws/build/arm_moveit_config
[1.169s] -- Install configuration: ""
[1.169s] -- Installing: /home/fadi/arm_ws/install/arm_moveit_config/share/ament_index/resource_index/package_run_dependencies/arm_moveit_config
[1.169s] -- Installing: /home/fadi/arm_ws/install/arm_moveit_config/share/ament_index/resource_index/parent_prefix_path/arm_moveit_config
[1.170s] -- Installing: /home/fadi/arm_ws/install/arm_moveit_config/share/arm_moveit_config/environment/ament_prefix_path.sh
[1.170s] -- Installing: /home/fadi/arm_ws/install/arm_moveit_config/share/arm_moveit_config/environment/ament_prefix_path.dsv
[1.170s] -- Installing: /home/fadi/arm_ws/install/arm_moveit_config/share/arm_moveit_config/environment/path.sh
[1.171s] -- Installing: /home/fadi/arm_ws/install/arm_moveit_config/share/arm_moveit_config/environment/path.dsv
[1.171s] -- Installing: /home/fadi/arm_ws/install/arm_moveit_config/share/arm_moveit_config/local_setup.bash
[1.171s] -- Installing: /home/fadi/arm_ws/install/arm_moveit_config/share/arm_moveit_config/local_setup.sh
[1.171s] -- Installing: /home/fadi/arm_ws/install/arm_moveit_config/share/arm_moveit_config/local_setup.zsh
[1.172s] -- Installing: /home/fadi/arm_ws/install/arm_moveit_config/share/arm_moveit_config/local_setup.dsv
[1.172s] -- Installing: /home/fadi/arm_ws/install/arm_moveit_config/share/arm_moveit_config/package.dsv
[1.172s] -- Installing: /home/fadi/arm_ws/install/arm_moveit_config/share/ament_index/resource_index/packages/arm_moveit_config
[1.172s] -- Installing: /home/fadi/arm_ws/install/arm_moveit_config/share/arm_moveit_config/cmake/arm_moveit_configConfig.cmake
[1.172s] -- Installing: /home/fadi/arm_ws/install/arm_moveit_config/share/arm_moveit_config/cmake/arm_moveit_configConfig-version.cmake
[1.172s] -- Installing: /home/fadi/arm_ws/install/arm_moveit_config/share/arm_moveit_config/package.xml
[1.173s] -- Installing: /home/fadi/arm_ws/install/arm_moveit_config/share/arm_moveit_config/launch
[1.173s] -- Installing: /home/fadi/arm_ws/install/arm_moveit_config/share/arm_moveit_config/launch/static_virtual_joint_tfs.launch.py
[1.173s] -- Installing: /home/fadi/arm_ws/install/arm_moveit_config/share/arm_moveit_config/launch/warehouse_db.launch.py
[1.173s] -- Installing: /home/fadi/arm_ws/install/arm_moveit_config/share/arm_moveit_config/launch/rsp.launch.py
[1.173s] -- Installing: /home/fadi/arm_ws/install/arm_moveit_config/share/arm_moveit_config/launch/moveit_rviz.launch.py
[1.173s] -- Installing: /home/fadi/arm_ws/install/arm_moveit_config/share/arm_moveit_config/launch/demo.launch.py
[1.173s] -- Installing: /home/fadi/arm_ws/install/arm_moveit_config/share/arm_moveit_config/launch/move_group.launch.py
[1.173s] -- Installing: /home/fadi/arm_ws/install/arm_moveit_config/share/arm_moveit_config/launch/spawn_controllers.launch.py
[1.174s] -- Installing: /home/fadi/arm_ws/install/arm_moveit_config/share/arm_moveit_config/launch/setup_assistant.launch.py
[1.174s] -- Installing: /home/fadi/arm_ws/install/arm_moveit_config/share/arm_moveit_config/config
[1.174s] -- Installing: /home/fadi/arm_ws/install/arm_moveit_config/share/arm_moveit_config/config/moveit_controllers.yaml
[1.174s] -- Installing: /home/fadi/arm_ws/install/arm_moveit_config/share/arm_moveit_config/config/robotic_arm.urdf.xacro
[1.174s] -- Installing: /home/fadi/arm_ws/install/arm_moveit_config/share/arm_moveit_config/config/robotic_arm.srdf
[1.174s] -- Installing: /home/fadi/arm_ws/install/arm_moveit_config/share/arm_moveit_config/config/kinematics.yaml
[1.174s] -- Installing: /home/fadi/arm_ws/install/arm_moveit_config/share/arm_moveit_config/config/joint_limits.yaml
[1.175s] -- Installing: /home/fadi/arm_ws/install/arm_moveit_config/share/arm_moveit_config/config/robotic_arm.ros2_control.xacro
[1.175s] -- Installing: /home/fadi/arm_ws/install/arm_moveit_config/share/arm_moveit_config/config/ros2_controllers.yaml
[1.175s] -- Installing: /home/fadi/arm_ws/install/arm_moveit_config/share/arm_moveit_config/config/moveit.rviz
[1.175s] -- Installing: /home/fadi/arm_ws/install/arm_moveit_config/share/arm_moveit_config/config/initial_positions.yaml
[1.175s] -- Installing: /home/fadi/arm_ws/install/arm_moveit_config/share/arm_moveit_config/config/pilz_cartesian_limits.yaml
[1.176s] -- Installing: /home/fadi/arm_ws/install/arm_moveit_config/share/arm_moveit_config/.setup_assistant
[1.180s] Invoked command in '/home/fadi/arm_ws/build/arm_moveit_config' returned '0': CMAKE_PREFIX_PATH=${CMAKE_PREFIX_PATH}:/home/fadi/ws_moveit2/install/moveit_configs_utils:/home/fadi/ws_moveit2/install/launch_param_builder:/opt/ros/humble /usr/bin/cmake --install /home/fadi/arm_ws/build/arm_moveit_config
